<?xml version="1.0" encoding="UTF-8"?>
<!-- Generated by org.testng.reporters.JUnitXMLReporter -->
<testsuite hostname="mohit-PC" ignored="0" name="Command line test" tests="3" failures="2" timestamp="02 Feb 2020 02:46:14 GMT" time="0.062" errors="0">
  <testcase name="@AfterTest closeTheDriverInstance" time="0.0" classname="Maven.DesignPatternTest">
    <failure type="org.testng.TestNGException" message="
Parameter &amp;apos;browser&amp;apos; is required by AfterTest on method closeTheDriverInstance but has not been marked @Optional or defined
">
      <![CDATA[org.testng.TestNGException: 
Parameter 'browser' is required by AfterTest on method closeTheDriverInstance but has not been marked @Optional or defined

... Removed 31 stack frames]]>
    </failure>
  </testcase> <!-- @AfterTest closeTheDriverInstance -->
  <testcase name="appTest" time="0.002" classname="Maven.AppTest"/>
  <testcase name="orgatakeSrcImageCES" time="0.0" classname="Maven.DesignPatternTest">
    <failure type="org.testng.TestNGException" message="
Parameter &amp;apos;browser&amp;apos; is required by @Test on method orgatakeSrcImageCES but has not been marked @Optional or defined
">
      <![CDATA[org.testng.TestNGException: 
Parameter 'browser' is required by @Test on method orgatakeSrcImageCES but has not been marked @Optional or defined

... Removed 34 stack frames]]>
    </failure>
  </testcase> <!-- orgatakeSrcImageCES -->
  <testcase name="orgbImmersiveAurora" time="0.0" classname="Maven.DesignPatternTest">
    <failure type="org.testng.TestNGException" message="
Parameter &amp;apos;browser&amp;apos; is required by @Test on method orgbImmersiveAurora but has not been marked @Optional or defined
">
      <![CDATA[org.testng.TestNGException: 
Parameter 'browser' is required by @Test on method orgbImmersiveAurora but has not been marked @Optional or defined

... Removed 34 stack frames]]>
    </failure>
  </testcase> <!-- orgbImmersiveAurora -->
</testsuite> <!-- Command line test -->
