<?xml version="1.0" encoding="UTF-8"?>
<!-- Generated by org.testng.reporters.JUnitXMLReporter -->
<testsuite hostname="mohit-PC" ignored="0" name="RegressionTest" tests="2" failures="1" timestamp="01 Feb 2020 18:07:38 GMT" time="62.222" errors="0">
  <testcase name="orgatakeSrcImageCES" time="41.007" classname="Maven.DesignPatternTest">
    <failure type="java.lang.AssertionError" message="The following asserts failed:
	Launched Url is not same expected [https://peoplehub.mindtree.com/Pages/OrgCanvas.aspx] but found [https://peoplehub.mindtree.com/Pages/OrgCanvas.aspxghshgs]">
      <![CDATA[java.lang.AssertionError: The following asserts failed:
Launched Url is not same expected [https://peoplehub.mindtree.com/Pages/OrgCanvas.aspx] but found [https://peoplehub.mindtree.com/Pages/OrgCanvas.aspxghshgs]
at Maven.DesignPatternTest.orgatakeSrcImageCES(DesignPatternTest.java:108)
at java.util.concurrent.FutureTask.run(FutureTask.java:266)
at java.util.concurrent.ThreadPoolExecutor.runWorker(ThreadPoolExecutor.java:1142)
at java.util.concurrent.ThreadPoolExecutor$Worker.run(ThreadPoolExecutor.java:617)
at java.lang.Thread.run(Thread.java:745)
... Removed 17 stack frames]]>
    </failure>
  </testcase> <!-- orgatakeSrcImageCES -->
  <testcase name="orgbImmersiveAurora" time="19.785" classname="Maven.DesignPatternTest"/>
</testsuite> <!-- RegressionTest -->
