<?xml version="1.0" encoding="UTF-8"?>
<testng-results skipped="0" failed="1" ignored="0" total="2" passed="1">
  <reporter-output>
  </reporter-output>
  <suite name="LocalisationTesting" duration-ms="62222" started-at="2020-02-01T18:06:35Z" finished-at="2020-02-01T18:07:37Z">
    <groups>
    </groups>
    <test name="RegressionTest" duration-ms="62222" started-at="2020-02-01T18:06:35Z" finished-at="2020-02-01T18:07:37Z">
      <class name="Maven.DesignPatternTest">
        <test-method status="PASS" signature="getTheProperty()[pri:0, instance:Maven.DesignPatternTest@1846619]" name="getTheProperty" is-config="true" duration-ms="751" started-at="2020-02-01T18:06:34Z" finished-at="2020-02-01T18:06:35Z">
          <reporter-output>
          </reporter-output>
        </test-method> <!-- getTheProperty -->
        <test-method status="FAIL" signature="orgatakeSrcImageCES(java.lang.String, java.lang.String, java.lang.String, java.lang.String)[pri:0, instance:Maven.DesignPatternTest@1846619]" name="orgatakeSrcImageCES" duration-ms="41007" started-at="2020-02-01T18:06:35Z" finished-at="2020-02-01T18:07:16Z">
          <params>
            <param index="0">
              <value>
                <![CDATA[Chrome]]>
              </value>
            </param>
            <param index="1">
              <value>
                <![CDATA[No]]>
              </value>
            </param>
            <param index="2">
              <value>
                <![CDATA[en-in]]>
              </value>
            </param>
            <param index="3">
              <value>
                <![CDATA[Test1]]>
              </value>
            </param>
          </params>
          <exception class="java.lang.AssertionError">
            <message>
              <![CDATA[The following asserts failed:
Launched Url is not same expected [https://peoplehub.mindtree.com/Pages/OrgCanvas.aspx] but found [https://peoplehub.mindtree.com/Pages/OrgCanvas.aspxghshgs]]]>
            </message>
            <full-stacktrace>
              <![CDATA[java.lang.AssertionError: The following asserts failed:
Launched Url is not same expected [https://peoplehub.mindtree.com/Pages/OrgCanvas.aspx] but found [https://peoplehub.mindtree.com/Pages/OrgCanvas.aspxghshgs]
at org.testng.asserts.SoftAssert.assertAll(SoftAssert.java:43)
at Maven.DesignPatternTest.orgatakeSrcImageCES(DesignPatternTest.java:108)
at sun.reflect.NativeMethodAccessorImpl.invoke0(Native Method)
at sun.reflect.NativeMethodAccessorImpl.invoke(NativeMethodAccessorImpl.java:62)
at sun.reflect.DelegatingMethodAccessorImpl.invoke(DelegatingMethodAccessorImpl.java:43)
at java.lang.reflect.Method.invoke(Method.java:483)
at org.testng.internal.MethodInvocationHelper.invokeMethod(MethodInvocationHelper.java:124)
at org.testng.internal.Invoker.invokeMethod(Invoker.java:583)
at org.testng.internal.Invoker.invokeTestMethod(Invoker.java:719)
at org.testng.internal.Invoker.invokeTestMethods(Invoker.java:989)
at org.testng.internal.TestMethodWorker.invokeTestMethods(TestMethodWorker.java:125)
at org.testng.internal.TestMethodWorker.run(TestMethodWorker.java:109)
at org.testng.TestRunner.privateRun(TestRunner.java:648)
at org.testng.TestRunner.run(TestRunner.java:505)
at org.testng.SuiteRunner.runTest(SuiteRunner.java:455)
at org.testng.SuiteRunner.access$000(SuiteRunner.java:40)
at org.testng.SuiteRunner$SuiteWorker.run(SuiteRunner.java:489)
at org.testng.internal.thread.ThreadUtil$1.call(ThreadUtil.java:52)
at java.util.concurrent.FutureTask.run(FutureTask.java:266)
at java.util.concurrent.ThreadPoolExecutor.runWorker(ThreadPoolExecutor.java:1142)
at java.util.concurrent.ThreadPoolExecutor$Worker.run(ThreadPoolExecutor.java:617)
at java.lang.Thread.run(Thread.java:745)
]]>
            </full-stacktrace>
          </exception> <!-- java.lang.AssertionError -->
          <reporter-output>
          </reporter-output>
        </test-method> <!-- orgatakeSrcImageCES -->
        <test-method status="PASS" signature="orgbImmersiveAurora(java.lang.String, java.lang.String, java.lang.String, java.lang.String)[pri:0, instance:Maven.DesignPatternTest@1846619]" name="orgbImmersiveAurora" duration-ms="19785" started-at="2020-02-01T18:07:16Z" finished-at="2020-02-01T18:07:36Z">
          <params>
            <param index="0">
              <value>
                <![CDATA[Chrome]]>
              </value>
            </param>
            <param index="1">
              <value>
                <![CDATA[ExpectedSrc]]>
              </value>
            </param>
            <param index="2">
              <value>
                <![CDATA[AttributeName]]>
              </value>
            </param>
            <param index="3">
              <value>
                <![CDATA[PageUrl]]>
              </value>
            </param>
          </params>
          <reporter-output>
          </reporter-output>
        </test-method> <!-- orgbImmersiveAurora -->
        <test-method status="PASS" signature="closeTheDriverInstance(java.lang.String)[pri:0, instance:Maven.DesignPatternTest@1846619]" name="closeTheDriverInstance" is-config="true" duration-ms="1368" started-at="2020-02-01T18:07:36Z" finished-at="2020-02-01T18:07:37Z">
          <params>
            <param index="0">
              <value>
                <![CDATA[Chrome]]>
              </value>
            </param>
          </params>
          <reporter-output>
          </reporter-output>
        </test-method> <!-- closeTheDriverInstance -->
      </class> <!-- Maven.DesignPatternTest -->
    </test> <!-- RegressionTest -->
  </suite> <!-- LocalisationTesting -->
</testng-results>
